2017/03/08 07:13:48 [error] [exception.CHttpException.404] exception 'CHttpException' with message 'Unable to resolve the request "gii".' in /Applications/XAMPP/xamppfiles/htdocs/yii/framework/web/CWebApplication.php:286
Stack trace:
#0 /Applications/XAMPP/xamppfiles/htdocs/yii/framework/web/CWebApplication.php(141): CWebApplication->runController('gii')
#1 /Applications/XAMPP/xamppfiles/htdocs/yii/framework/base/CApplication.php(185): CWebApplication->processRequest()
#2 /Applications/XAMPP/xamppfiles/htdocs/technicalreport/index.php(13): CApplication->run()
#3 {main}
REQUEST_URI=/technicalreport/index.php?r=gii
---
2017/04/12 09:43:24 [error] [exception.CException] exception 'CException' with message 'CAssetManager.basePath "/Applications/XAMPP/xamppfiles/htdocs/technicalreport/assets" is invalid. Please make sure the directory exists and is writable by the Web server process.' in /Applications/XAMPP/xamppfiles/htdocs/yii/framework/web/CAssetManager.php:138
Stack trace:
#0 /Applications/XAMPP/xamppfiles/htdocs/yii/framework/web/CAssetManager.php(123): CAssetManager->setBasePath('/Applications/X...')
#1 /Applications/XAMPP/xamppfiles/htdocs/yii/framework/web/CAssetManager.php(217): CAssetManager->getBasePath()
#2 /Applications/XAMPP/xamppfiles/htdocs/yii/framework/gii/GiiModule.php(143): CAssetManager->publish('/Applications/X...')
#3 /Applications/XAMPP/xamppfiles/htdocs/yii/framework/base/CComponent.php(111): GiiModule->getAssetsUrl()
#4 /Applications/XAMPP/xamppfiles/htdocs/yii/framework/base/CModule.php(105): CComponent->__get('assetsUrl')
#5 /Applications/XAMPP/xamppfiles/htdocs/yii/framework/gii/views/layouts/main.php(5): CModule->__get('assetsUrl')
#6 /Applications/XAMPP/xamppfiles/htdocs/yii/framework/web/CBaseController.php(126): require('/Applications/X...')
#7 /Applications/XAMPP/xamppfiles/htdocs/yii/framework/web/CBaseController.php(95): CBaseController->renderInternal('/Applications/X...', Array, true)
#8 /Applications/XAMPP/xamppfiles/htdocs/yii/framework/web/widgets/CContentDecorator.php(76): CBaseController->renderFile('/Applications/X...', Array, true)
#9 /Applications/XAMPP/xamppfiles/htdocs/yii/framework/web/widgets/CContentDecorator.php(54): CContentDecorator->decorate('<div class="con...')
#10 /Applications/XAMPP/xamppfiles/htdocs/yii/framework/web/widgets/COutputProcessor.php(44): CContentDecorator->processOutput('<div class="con...')
#11 /Applications/XAMPP/xamppfiles/htdocs/yii/framework/web/CBaseController.php(214): COutputProcessor->run()
#12 /Applications/XAMPP/xamppfiles/htdocs/yii/framework/web/CBaseController.php(308): CBaseController->endWidget('CContentDecorat...')
#13 /Applications/XAMPP/xamppfiles/htdocs/yii/framework/gii/views/layouts/column1.php(7): CBaseController->endContent()
#14 /Applications/XAMPP/xamppfiles/htdocs/yii/framework/web/CBaseController.php(126): require('/Applications/X...')
#15 /Applications/XAMPP/xamppfiles/htdocs/yii/framework/web/CBaseController.php(95): CBaseController->renderInternal('/Applications/X...', Array, true)
#16 /Applications/XAMPP/xamppfiles/htdocs/yii/framework/web/CController.php(784): CBaseController->renderFile('/Applications/X...', Array, true)
#17 /Applications/XAMPP/xamppfiles/htdocs/yii/framework/gii/controllers/DefaultController.php(47): CController->render('login', Array)
#18 /Applications/XAMPP/xamppfiles/htdocs/yii/framework/web/actions/CInlineAction.php(49): DefaultController->actionLogin()
#19 /Applications/XAMPP/xamppfiles/htdocs/yii/framework/web/CController.php(308): CInlineAction->runWithParams(Array)
#20 /Applications/XAMPP/xamppfiles/htdocs/yii/framework/web/CController.php(286): CController->runAction(Object(CInlineAction))
#21 /Applications/XAMPP/xamppfiles/htdocs/yii/framework/web/CController.php(265): CController->runActionWithFilters(Object(CInlineAction), Array)
#22 /Applications/XAMPP/xamppfiles/htdocs/yii/framework/web/CWebApplication.php(282): CController->run('login')
#23 /Applications/XAMPP/xamppfiles/htdocs/yii/framework/web/CWebApplication.php(141): CWebApplication->runController('gii/default/log...')
#24 /Applications/XAMPP/xamppfiles/htdocs/yii/framework/base/CApplication.php(185): CWebApplication->processRequest()
#25 /Applications/XAMPP/xamppfiles/htdocs/technicalreport/index.php(13): CApplication->run()
#26 {main}
REQUEST_URI=/technicalreport/index.php?r=gii/default/login
---
2017/04/12 10:03:34 [error] [exception.CException] exception 'CException' with message 'ResearchController cannot find the requested view "index".' in /Applications/XAMPP/xamppfiles/htdocs/yii/framework/web/CController.php:878
Stack trace:
#0 /Applications/XAMPP/xamppfiles/htdocs/yii/framework/web/CController.php(782): CController->renderPartial('index', NULL, true)
#1 /Applications/XAMPP/xamppfiles/htdocs/technicalreport/protected/controllers/ResearchController.php(7): CController->render('index')
#2 /Applications/XAMPP/xamppfiles/htdocs/yii/framework/web/actions/CInlineAction.php(49): ResearchController->actionIndex()
#3 /Applications/XAMPP/xamppfiles/htdocs/yii/framework/web/CController.php(308): CInlineAction->runWithParams(Array)
#4 /Applications/XAMPP/xamppfiles/htdocs/yii/framework/web/CController.php(286): CController->runAction(Object(CInlineAction))
#5 /Applications/XAMPP/xamppfiles/htdocs/yii/framework/web/CController.php(265): CController->runActionWithFilters(Object(CInlineAction), Array)
#6 /Applications/XAMPP/xamppfiles/htdocs/yii/framework/web/CWebApplication.php(282): CController->run('')
#7 /Applications/XAMPP/xamppfiles/htdocs/yii/framework/web/CWebApplication.php(141): CWebApplication->runController('research')
#8 /Applications/XAMPP/xamppfiles/htdocs/yii/framework/base/CApplication.php(185): CWebApplication->processRequest()
#9 /Applications/XAMPP/xamppfiles/htdocs/technicalreport/index.php(13): CApplication->run()
#10 {main}
REQUEST_URI=/technicalreport/index.php?r=research
---
2017/04/17 17:58:38 [error] [exception.CException] exception 'CException' with message 'ResearchController and its behaviors do not have a method or closure named "layout".' in /Applications/XAMPP/xamppfiles/htdocs/yii/framework/base/CComponent.php:266
Stack trace:
#0 /Applications/XAMPP/xamppfiles/htdocs/technicalreport/protected/controllers/ResearchController.php(9): CComponent->__call('layout', Array)
#1 /Applications/XAMPP/xamppfiles/htdocs/technicalreport/protected/controllers/ResearchController.php(9): ResearchController->layout('backend')
#2 /Applications/XAMPP/xamppfiles/htdocs/yii/framework/web/actions/CInlineAction.php(49): ResearchController->actionIndex()
#3 /Applications/XAMPP/xamppfiles/htdocs/yii/framework/web/CController.php(308): CInlineAction->runWithParams(Array)
#4 /Applications/XAMPP/xamppfiles/htdocs/yii/framework/web/CController.php(286): CController->runAction(Object(CInlineAction))
#5 /Applications/XAMPP/xamppfiles/htdocs/yii/framework/web/CController.php(265): CController->runActionWithFilters(Object(CInlineAction), Array)
#6 /Applications/XAMPP/xamppfiles/htdocs/yii/framework/web/CWebApplication.php(282): CController->run('')
#7 /Applications/XAMPP/xamppfiles/htdocs/yii/framework/web/CWebApplication.php(141): CWebApplication->runController('research')
#8 /Applications/XAMPP/xamppfiles/htdocs/yii/framework/base/CApplication.php(185): CWebApplication->processRequest()
#9 /Applications/XAMPP/xamppfiles/htdocs/technicalreport/index.php(13): CApplication->run()
#10 {main}
REQUEST_URI=/technicalreport/index.php/research
---
2017/04/17 17:59:23 [error] [exception.CException] exception 'CException' with message 'ResearchController and its behaviors do not have a method or closure named "layout".' in /Applications/XAMPP/xamppfiles/htdocs/yii/framework/base/CComponent.php:266
Stack trace:
#0 /Applications/XAMPP/xamppfiles/htdocs/technicalreport/protected/controllers/ResearchController.php(9): CComponent->__call('layout', Array)
#1 /Applications/XAMPP/xamppfiles/htdocs/technicalreport/protected/controllers/ResearchController.php(9): ResearchController->layout('backend')
#2 /Applications/XAMPP/xamppfiles/htdocs/yii/framework/web/actions/CInlineAction.php(49): ResearchController->actionIndex()
#3 /Applications/XAMPP/xamppfiles/htdocs/yii/framework/web/CController.php(308): CInlineAction->runWithParams(Array)
#4 /Applications/XAMPP/xamppfiles/htdocs/yii/framework/web/CController.php(286): CController->runAction(Object(CInlineAction))
#5 /Applications/XAMPP/xamppfiles/htdocs/yii/framework/web/CController.php(265): CController->runActionWithFilters(Object(CInlineAction), Array)
#6 /Applications/XAMPP/xamppfiles/htdocs/yii/framework/web/CWebApplication.php(282): CController->run('')
#7 /Applications/XAMPP/xamppfiles/htdocs/yii/framework/web/CWebApplication.php(141): CWebApplication->runController('research')
#8 /Applications/XAMPP/xamppfiles/htdocs/yii/framework/base/CApplication.php(185): CWebApplication->processRequest()
#9 /Applications/XAMPP/xamppfiles/htdocs/technicalreport/index.php(13): CApplication->run()
#10 {main}
REQUEST_URI=/technicalreport/index.php/research
---
2017/04/17 17:59:24 [error] [exception.CException] exception 'CException' with message 'ResearchController and its behaviors do not have a method or closure named "layout".' in /Applications/XAMPP/xamppfiles/htdocs/yii/framework/base/CComponent.php:266
Stack trace:
#0 /Applications/XAMPP/xamppfiles/htdocs/technicalreport/protected/controllers/ResearchController.php(9): CComponent->__call('layout', Array)
#1 /Applications/XAMPP/xamppfiles/htdocs/technicalreport/protected/controllers/ResearchController.php(9): ResearchController->layout('backend')
#2 /Applications/XAMPP/xamppfiles/htdocs/yii/framework/web/actions/CInlineAction.php(49): ResearchController->actionIndex()
#3 /Applications/XAMPP/xamppfiles/htdocs/yii/framework/web/CController.php(308): CInlineAction->runWithParams(Array)
#4 /Applications/XAMPP/xamppfiles/htdocs/yii/framework/web/CController.php(286): CController->runAction(Object(CInlineAction))
#5 /Applications/XAMPP/xamppfiles/htdocs/yii/framework/web/CController.php(265): CController->runActionWithFilters(Object(CInlineAction), Array)
#6 /Applications/XAMPP/xamppfiles/htdocs/yii/framework/web/CWebApplication.php(282): CController->run('')
#7 /Applications/XAMPP/xamppfiles/htdocs/yii/framework/web/CWebApplication.php(141): CWebApplication->runController('research')
#8 /Applications/XAMPP/xamppfiles/htdocs/yii/framework/base/CApplication.php(185): CWebApplication->processRequest()
#9 /Applications/XAMPP/xamppfiles/htdocs/technicalreport/index.php(13): CApplication->run()
#10 {main}
REQUEST_URI=/technicalreport/index.php/research
---
2017/04/17 17:59:37 [error] [exception.CException] exception 'CException' with message 'ResearchController cannot find the requested view "index".' in /Applications/XAMPP/xamppfiles/htdocs/yii/framework/web/CController.php:878
Stack trace:
#0 /Applications/XAMPP/xamppfiles/htdocs/yii/framework/web/CController.php(782): CController->renderPartial('index', NULL, true)
#1 /Applications/XAMPP/xamppfiles/htdocs/technicalreport/protected/controllers/ResearchController.php(10): CController->render('index')
#2 /Applications/XAMPP/xamppfiles/htdocs/yii/framework/web/actions/CInlineAction.php(49): ResearchController->actionIndex()
#3 /Applications/XAMPP/xamppfiles/htdocs/yii/framework/web/CController.php(308): CInlineAction->runWithParams(Array)
#4 /Applications/XAMPP/xamppfiles/htdocs/yii/framework/web/CController.php(286): CController->runAction(Object(CInlineAction))
#5 /Applications/XAMPP/xamppfiles/htdocs/yii/framework/web/CController.php(265): CController->runActionWithFilters(Object(CInlineAction), Array)
#6 /Applications/XAMPP/xamppfiles/htdocs/yii/framework/web/CWebApplication.php(282): CController->run('')
#7 /Applications/XAMPP/xamppfiles/htdocs/yii/framework/web/CWebApplication.php(141): CWebApplication->runController('research')
#8 /Applications/XAMPP/xamppfiles/htdocs/yii/framework/base/CApplication.php(185): CWebApplication->processRequest()
#9 /Applications/XAMPP/xamppfiles/htdocs/technicalreport/index.php(13): CApplication->run()
#10 {main}
REQUEST_URI=/technicalreport/index.php/research
---
2017/04/17 17:59:57 [error] [exception.CException] exception 'CException' with message 'ResearchController cannot find the requested view "index".' in /Applications/XAMPP/xamppfiles/htdocs/yii/framework/web/CController.php:878
Stack trace:
#0 /Applications/XAMPP/xamppfiles/htdocs/yii/framework/web/CController.php(782): CController->renderPartial('index', NULL, true)
#1 /Applications/XAMPP/xamppfiles/htdocs/technicalreport/protected/controllers/ResearchController.php(10): CController->render('index')
#2 /Applications/XAMPP/xamppfiles/htdocs/yii/framework/web/actions/CInlineAction.php(49): ResearchController->actionIndex()
#3 /Applications/XAMPP/xamppfiles/htdocs/yii/framework/web/CController.php(308): CInlineAction->runWithParams(Array)
#4 /Applications/XAMPP/xamppfiles/htdocs/yii/framework/web/CController.php(286): CController->runAction(Object(CInlineAction))
#5 /Applications/XAMPP/xamppfiles/htdocs/yii/framework/web/CController.php(265): CController->runActionWithFilters(Object(CInlineAction), Array)
#6 /Applications/XAMPP/xamppfiles/htdocs/yii/framework/web/CWebApplication.php(282): CController->run('')
#7 /Applications/XAMPP/xamppfiles/htdocs/yii/framework/web/CWebApplication.php(141): CWebApplication->runController('research')
#8 /Applications/XAMPP/xamppfiles/htdocs/yii/framework/base/CApplication.php(185): CWebApplication->processRequest()
#9 /Applications/XAMPP/xamppfiles/htdocs/technicalreport/index.php(13): CApplication->run()
#10 {main}
REQUEST_URI=/technicalreport/index.php/research
---
2017/04/17 18:02:55 [error] [exception.CHttpException.404] exception 'CHttpException' with message 'Unable to resolve the request "index.html".' in /Applications/XAMPP/xamppfiles/htdocs/yii/framework/web/CWebApplication.php:286
Stack trace:
#0 /Applications/XAMPP/xamppfiles/htdocs/yii/framework/web/CWebApplication.php(141): CWebApplication->runController('index.html')
#1 /Applications/XAMPP/xamppfiles/htdocs/yii/framework/base/CApplication.php(185): CWebApplication->processRequest()
#2 /Applications/XAMPP/xamppfiles/htdocs/technicalreport/index.php(13): CApplication->run()
#3 {main}
REQUEST_URI=/technicalreport/index.php/index.html
HTTP_REFERER=http://localhost/technicalreport/index.php/research
---
2017/04/17 18:08:36 [error] [exception.CHttpException.404] exception 'CHttpException' with message 'Unable to resolve the request "dashboard/v2.html".' in /Applications/XAMPP/xamppfiles/htdocs/yii/framework/web/CWebApplication.php:286
Stack trace:
#0 /Applications/XAMPP/xamppfiles/htdocs/yii/framework/web/CWebApplication.php(141): CWebApplication->runController('dashboard/v2.ht...')
#1 /Applications/XAMPP/xamppfiles/htdocs/yii/framework/base/CApplication.php(185): CWebApplication->processRequest()
#2 /Applications/XAMPP/xamppfiles/htdocs/technicalreport/index.php(13): CApplication->run()
#3 {main}
REQUEST_URI=/technicalreport/index.php/dashboard/v2.html
HTTP_REFERER=http://localhost/technicalreport/index.php/research
---
2017/04/17 18:11:20 [error] [exception.CHttpException.404] exception 'CHttpException' with message 'Unable to resolve the request "uikit/modals.html".' in /Applications/XAMPP/xamppfiles/htdocs/yii/framework/web/CWebApplication.php:286
Stack trace:
#0 /Applications/XAMPP/xamppfiles/htdocs/yii/framework/web/CWebApplication.php(141): CWebApplication->runController('uikit/modals.ht...')
#1 /Applications/XAMPP/xamppfiles/htdocs/yii/framework/base/CApplication.php(185): CWebApplication->processRequest()
#2 /Applications/XAMPP/xamppfiles/htdocs/technicalreport/index.php(13): CApplication->run()
#3 {main}
REQUEST_URI=/technicalreport/index.php/uikit/modals.html
HTTP_REFERER=http://localhost/technicalreport/index.php/research
---
2017/04/17 18:11:34 [error] [exception.CHttpException.404] exception 'CHttpException' with message 'Unable to resolve the request "research.php".' in /Applications/XAMPP/xamppfiles/htdocs/yii/framework/web/CWebApplication.php:286
Stack trace:
#0 /Applications/XAMPP/xamppfiles/htdocs/yii/framework/web/CWebApplication.php(141): CWebApplication->runController('research.php')
#1 /Applications/XAMPP/xamppfiles/htdocs/yii/framework/base/CApplication.php(185): CWebApplication->processRequest()
#2 /Applications/XAMPP/xamppfiles/htdocs/technicalreport/index.php(13): CApplication->run()
#3 {main}
REQUEST_URI=/technicalreport/index.php/research.php
---
2017/04/17 18:15:27 [error] [exception.CHttpException.404] exception 'CHttpException' with message 'Unable to resolve the request "tables/basic.html".' in /Applications/XAMPP/xamppfiles/htdocs/yii/framework/web/CWebApplication.php:286
Stack trace:
#0 /Applications/XAMPP/xamppfiles/htdocs/yii/framework/web/CWebApplication.php(141): CWebApplication->runController('tables/basic.ht...')
#1 /Applications/XAMPP/xamppfiles/htdocs/yii/framework/base/CApplication.php(185): CWebApplication->processRequest()
#2 /Applications/XAMPP/xamppfiles/htdocs/technicalreport/index.php(13): CApplication->run()
#3 {main}
REQUEST_URI=/technicalreport/index.php/tables/basic.html
HTTP_REFERER=http://localhost/technicalreport/index.php/research
---
2017/04/17 18:22:26 [error] [exception.CHttpException.404] exception 'CHttpException' with message 'Unable to resolve the request "angular/index.html".' in /Applications/XAMPP/xamppfiles/htdocs/yii/framework/web/CWebApplication.php:286
Stack trace:
#0 /Applications/XAMPP/xamppfiles/htdocs/yii/framework/web/CWebApplication.php(141): CWebApplication->runController('angular/index.h...')
#1 /Applications/XAMPP/xamppfiles/htdocs/yii/framework/base/CApplication.php(185): CWebApplication->processRequest()
#2 /Applications/XAMPP/xamppfiles/htdocs/technicalreport/index.php(13): CApplication->run()
#3 {main}
REQUEST_URI=/technicalreport/index.php/angular/index.html
HTTP_REFERER=http://localhost/technicalreport/index.php/research
---
2017/04/17 18:23:57 [error] [exception.CHttpException.404] exception 'CHttpException' with message 'Unable to resolve the request "pages/error-400.html".' in /Applications/XAMPP/xamppfiles/htdocs/yii/framework/web/CWebApplication.php:286
Stack trace:
#0 /Applications/XAMPP/xamppfiles/htdocs/yii/framework/web/CWebApplication.php(141): CWebApplication->runController('pages/error-400...')
#1 /Applications/XAMPP/xamppfiles/htdocs/yii/framework/base/CApplication.php(185): CWebApplication->processRequest()
#2 /Applications/XAMPP/xamppfiles/htdocs/technicalreport/index.php(13): CApplication->run()
#3 {main}
REQUEST_URI=/technicalreport/index.php/pages/error-400.html
HTTP_REFERER=http://localhost/technicalreport/index.php/research
---
2017/04/17 18:24:06 [error] [exception.CHttpException.404] exception 'CHttpException' with message 'Unable to resolve the request "tables/basic.html".' in /Applications/XAMPP/xamppfiles/htdocs/yii/framework/web/CWebApplication.php:286
Stack trace:
#0 /Applications/XAMPP/xamppfiles/htdocs/yii/framework/web/CWebApplication.php(141): CWebApplication->runController('tables/basic.ht...')
#1 /Applications/XAMPP/xamppfiles/htdocs/yii/framework/base/CApplication.php(185): CWebApplication->processRequest()
#2 /Applications/XAMPP/xamppfiles/htdocs/technicalreport/index.php(13): CApplication->run()
#3 {main}
REQUEST_URI=/technicalreport/index.php/tables/basic.html
HTTP_REFERER=http://localhost/technicalreport/index.php/research
---
2017/04/18 05:48:00 [error] [exception.CHttpException.404] exception 'CHttpException' with message 'Unable to resolve the request "index.html".' in /Applications/XAMPP/xamppfiles/htdocs/yii/framework/web/CWebApplication.php:286
Stack trace:
#0 /Applications/XAMPP/xamppfiles/htdocs/yii/framework/web/CWebApplication.php(141): CWebApplication->runController('index.html')
#1 /Applications/XAMPP/xamppfiles/htdocs/yii/framework/base/CApplication.php(185): CWebApplication->processRequest()
#2 /Applications/XAMPP/xamppfiles/htdocs/technicalreport/index.php(13): CApplication->run()
#3 {main}
REQUEST_URI=/technicalreport/index.php/index.html
HTTP_REFERER=http://localhost/technicalreport/index.php/research
---
2017/04/18 05:48:44 [error] [exception.CHttpException.404] exception 'CHttpException' with message 'Unable to resolve the request "index.html".' in /Applications/XAMPP/xamppfiles/htdocs/yii/framework/web/CWebApplication.php:286
Stack trace:
#0 /Applications/XAMPP/xamppfiles/htdocs/yii/framework/web/CWebApplication.php(141): CWebApplication->runController('index.html')
#1 /Applications/XAMPP/xamppfiles/htdocs/yii/framework/base/CApplication.php(185): CWebApplication->processRequest()
#2 /Applications/XAMPP/xamppfiles/htdocs/technicalreport/index.php(13): CApplication->run()
#3 {main}
REQUEST_URI=/technicalreport/index.php/index.html
HTTP_REFERER=http://localhost/technicalreport/index.php/research
---
2017/04/18 12:25:17 [error] [exception.CHttpException.404] exception 'CHttpException' with message 'Unable to resolve the request "index.html".' in /Applications/XAMPP/xamppfiles/htdocs/yii/framework/web/CWebApplication.php:286
Stack trace:
#0 /Applications/XAMPP/xamppfiles/htdocs/yii/framework/web/CWebApplication.php(141): CWebApplication->runController('index.html')
#1 /Applications/XAMPP/xamppfiles/htdocs/yii/framework/base/CApplication.php(185): CWebApplication->processRequest()
#2 /Applications/XAMPP/xamppfiles/htdocs/technicalreport/index.php(13): CApplication->run()
#3 {main}
REQUEST_URI=/technicalreport/index.php/index.html
HTTP_REFERER=http://localhost/technicalreport/index.php/research
---
